<?xml version="1.0" encoding="UTF-8"?>
<!-- Generated by org.testng.reporters.JUnitReportReporter -->
<testsuite hostname="DESKTOP-5GKDE6B" failures="0" tests="3" name="org.testnggg.Priorityy" time="0.016" errors="0" timestamp="2024-05-03T19:22:30 IST" skipped="0">
  <testcase classname="org.testnggg.Priorityy" name="login" time="0.005"/>
  <system-out/>
  <testcase classname="org.testnggg.Priorityy" name="search" time="0.002"/>
  <system-out/>
  <testcase classname="org.testnggg.Priorityy" name="hotel" time="0.009"/>
  <system-out/>
</testsuite> <!-- org.testnggg.Priorityy -->
